# JRE version: Java(TM) SE Runtime Environment (8.0_261-b12) (build 1.8.0_261-b12)
# Java VM: Java HotSpot(TM) 64-Bit Server VM (25.261-b12 mixed mode windows-amd64 compressed oops)
Heap:
 PSYoungGen      total 22016K, used 16778K [0x00000000d5800000, 0x00000000d7100000, 0x0000000100000000)
  eden space 18432K, 85% used [0x00000000d5800000,0x00000000d67528a8,0x00000000d6a00000)
  from space 3584K, 30% used [0x00000000d6d80000,0x00000000d6e90000,0x00000000d7100000)
  to   space 3584K, 0% used [0x00000000d6a00000,0x00000000d6a00000,0x00000000d6d80000)
 ParOldGen       total 56320K, used 48073K [0x0000000080800000, 0x0000000083f00000, 0x00000000d5800000)
  object space 56320K, 85% used [0x0000000080800000,0x00000000836f2498,0x0000000083f00000)
 Metaspace       used 24136K, capacity 26198K, committed 26416K, reserved 1073152K
  class space    used 2865K, capacity 3620K, committed 3632K, reserved 1048576K
GC Heap History (10 events):
Event: 7288.835 GC heap before
{Heap before GC invocations=335 (full 1):
 PSYoungGen      total 22528K, used 19808K [0x00000000d5800000, 0x00000000d7200000, 0x0000000100000000)
  eden space 18432K, 100% used [0x00000000d5800000,0x00000000d6a00000,0x00000000d6a00000)
  from space 4096K, 33% used [0x00000000d6a00000,0x00000000d6b58000,0x00000000d6e00000)
  to   space 4096K, 0% used [0x00000000d6e00000,0x00000000d6e00000,0x00000000d7200000)
 ParOldGen       total 56320K, used 48033K [0x0000000080800000, 0x0000000083f00000, 0x00000000d5800000)
  object space 56320K, 85% used [0x0000000080800000,0x00000000836e8498,0x0000000083f00000)
 Metaspace       used 24094K, capacity 26198K, committed 26416K, reserved 1073152K
  class space    used 2860K, capacity 3620K, committed 3632K, reserved 1048576K
Event: 7288.840 GC heap after
Heap after GC invocations=335 (full 1):
 PSYoungGen      total 22528K, used 1344K [0x00000000d5800000, 0x00000000d7200000, 0x0000000100000000)
  eden space 18432K, 0% used [0x00000000d5800000,0x00000000d5800000,0x00000000d6a00000)
  from space 4096K, 32% used [0x00000000d6e00000,0x00000000d6f50000,0x00000000d7200000)
  to   space 4096K, 0% used [0x00000000d6a00000,0x00000000d6a00000,0x00000000d6e00000)
 ParOldGen       total 56320K, used 48041K [0x0000000080800000, 0x0000000083f00000, 0x00000000d5800000)
  object space 56320K, 85% used [0x0000000080800000,0x00000000836ea498,0x0000000083f00000)
 Metaspace       used 24094K, capacity 26198K, committed 26416K, reserved 1073152K
  class space    used 2860K, capacity 3620K, committed 3632K, reserved 1048576K
}
Event: 7295.514 GC heap before
{Heap before GC invocations=336 (full 1):
 PSYoungGen      total 22528K, used 19776K [0x00000000d5800000, 0x00000000d7200000, 0x0000000100000000)
  eden space 18432K, 100% used [0x00000000d5800000,0x00000000d6a00000,0x00000000d6a00000)
  from space 4096K, 32% used [0x00000000d6e00000,0x00000000d6f50000,0x00000000d7200000)
  to   space 4096K, 0% used [0x00000000d6a00000,0x00000000d6a00000,0x00000000d6e00000)
 ParOldGen       total 56320K, used 48041K [0x0000000080800000, 0x0000000083f00000, 0x00000000d5800000)
  object space 56320K, 85% used [0x0000000080800000,0x00000000836ea498,0x0000000083f00000)
 Metaspace       used 24094K, capacity 26198K, committed 26416K, reserved 1073152K
  class space    used 2860K, capacity 3620K, committed 3632K, reserved 1048576K
Event: 7295.519 GC heap after
Heap after GC invocations=336 (full 1):
 PSYoungGen      total 22528K, used 1376K [0x00000000d5800000, 0x00000000d7200000, 0x0000000100000000)
  eden space 18432K, 0% used [0x00000000d5800000,0x00000000d5800000,0x00000000d6a00000)
  from space 4096K, 33% used [0x00000000d6a00000,0x00000000d6b58000,0x00000000d6e00000)
  to   space 4096K, 0% used [0x00000000d6e00000,0x00000000d6e00000,0x00000000d7200000)
 ParOldGen       total 56320K, used 48049K [0x0000000080800000, 0x0000000083f00000, 0x00000000d5800000)
  object space 56320K, 85% used [0x0000000080800000,0x00000000836ec498,0x0000000083f00000)
 Metaspace       used 24094K, capacity 26198K, committed 26416K, reserved 1073152K
  class space    used 2860K, capacity 3620K, committed 3632K, reserved 1048576K
}
Event: 7302.154 GC heap before
{Heap before GC invocations=337 (full 1):
 PSYoungGen      total 22528K, used 19806K [0x00000000d5800000, 0x00000000d7200000, 0x0000000100000000)
  eden space 18432K, 99% used [0x00000000d5800000,0x00000000d69ff9f8,0x00000000d6a00000)
  from space 4096K, 33% used [0x00000000d6a00000,0x00000000d6b58000,0x00000000d6e00000)
  to   space 4096K, 0% used [0x00000000d6e00000,0x00000000d6e00000,0x00000000d7200000)
 ParOldGen       total 56320K, used 48049K [0x0000000080800000, 0x0000000083f00000, 0x00000000d5800000)
  object space 56320K, 85% used [0x0000000080800000,0x00000000836ec498,0x0000000083f00000)
 Metaspace       used 24094K, capacity 26198K, committed 26416K, reserved 1073152K
  class space    used 2860K, capacity 3620K, committed 3632K, reserved 1048576K
Event: 7302.159 GC heap after
Heap after GC invocations=337 (full 1):
 PSYoungGen      total 21504K, used 1408K [0x00000000d5800000, 0x00000000d7100000, 0x0000000100000000)
  eden space 18432K, 0% used [0x00000000d5800000,0x00000000d5800000,0x00000000d6a00000)
  from space 3072K, 45% used [0x00000000d6e00000,0x00000000d6f60000,0x00000000d7100000)
  to   space 3584K, 0% used [0x00000000d6a00000,0x00000000d6a00000,0x00000000d6d80000)
 ParOldGen       total 56320K, used 48049K [0x0000000080800000, 0x0000000083f00000, 0x00000000d5800000)
  object space 56320K, 85% used [0x0000000080800000,0x00000000836ec498,0x0000000083f00000)
 Metaspace       used 24094K, capacity 26198K, committed 26416K, reserved 1073152K
  class space    used 2860K, capacity 3620K, committed 3632K, reserved 1048576K
}
Event: 7308.756 GC heap before
{Heap before GC invocations=338 (full 1):
 PSYoungGen      total 21504K, used 19840K [0x00000000d5800000, 0x00000000d7100000, 0x0000000100000000)
  eden space 18432K, 100% used [0x00000000d5800000,0x00000000d6a00000,0x00000000d6a00000)
  from space 3072K, 45% used [0x00000000d6e00000,0x00000000d6f60000,0x00000000d7100000)
  to   space 3584K, 0% used [0x00000000d6a00000,0x00000000d6a00000,0x00000000d6d80000)
 ParOldGen       total 56320K, used 48049K [0x0000000080800000, 0x0000000083f00000, 0x00000000d5800000)
  object space 56320K, 85% used [0x0000000080800000,0x00000000836ec498,0x0000000083f00000)
 Metaspace       used 24094K, capacity 26198K, committed 26416K, reserved 1073152K
  class space    used 2860K, capacity 3620K, committed 3632K, reserved 1048576K
Event: 7308.759 GC heap after
Heap after GC invocations=338 (full 1):
 PSYoungGen      total 22016K, used 1344K [0x00000000d5800000, 0x00000000d7100000, 0x0000000100000000)
  eden space 18432K, 0% used [0x00000000d5800000,0x00000000d5800000,0x00000000d6a00000)
  from space 3584K, 37% used [0x00000000d6a00000,0x00000000d6b50000,0x00000000d6d80000)
  to   space 3584K, 0% used [0x00000000d6d80000,0x00000000d6d80000,0x00000000d7100000)
 ParOldGen       total 56320K, used 48065K [0x0000000080800000, 0x0000000083f00000, 0x00000000d5800000)
  object space 56320K, 85% used [0x0000000080800000,0x00000000836f0498,0x0000000083f00000)
 Metaspace       used 24094K, capacity 26198K, committed 26416K, reserved 1073152K
  class space    used 2860K, capacity 3620K, committed 3632K, reserved 1048576K
}
Event: 7313.396 GC heap before
{Heap before GC invocations=339 (full 1):
 PSYoungGen      total 22016K, used 19776K [0x00000000d5800000, 0x00000000d7100000, 0x0000000100000000)
  eden space 18432K, 100% used [0x00000000d5800000,0x00000000d6a00000,0x00000000d6a00000)
  from space 3584K, 37% used [0x00000000d6a00000,0x00000000d6b50000,0x00000000d6d80000)
  to   space 3584K, 0% used [0x00000000d6d80000,0x00000000d6d80000,0x00000000d7100000)
 ParOldGen       total 56320K, used 48065K [0x0000000080800000, 0x0000000083f00000, 0x00000000d5800000)
  object space 56320K, 85% used [0x0000000080800000,0x00000000836f0498,0x0000000083f00000)
 Metaspace       used 24094K, capacity 26198K, committed 26416K, reserved 1073152K
  class space    used 2860K, capacity 3620K, committed 3632K, reserved 1048576K
Event: 7313.400 GC heap after
Heap after GC invocations=339 (full 1):
 PSYoungGen      total 22016K, used 1088K [0x00000000d5800000, 0x00000000d7100000, 0x0000000100000000)
  eden space 18432K, 0% used [0x00000000d5800000,0x00000000d5800000,0x00000000d6a00000)
  from space 3584K, 30% used [0x00000000d6d80000,0x00000000d6e90000,0x00000000d7100000)
  to   space 3584K, 0% used [0x00000000d6a00000,0x00000000d6a00000,0x00000000d6d80000)
 ParOldGen       total 56320K, used 48073K [0x0000000080800000, 0x0000000083f00000, 0x00000000d5800000)
  object space 56320K, 85% used [0x0000000080800000,0x00000000836f2498,0x0000000083f00000)
 Metaspace       used 24094K, capacity 26198K, committed 26416K, reserved 1073152K
  class space    used 2860K, capacity 3620K, committed 3632K, reserved 1048576K
}

