# JRE version: Java(TM) SE Runtime Environment (8.0_261-b12) (build 1.8.0_261-b12)
# Java VM: Java HotSpot(TM) 64-Bit Server VM (25.261-b12 mixed mode windows-amd64 compressed oops)
Heap:
 PSYoungGen      total 161792K, used 51079K [0x00000000d5800000, 0x00000000e2b80000, 0x0000000100000000)
  eden space 117248K, 31% used [0x00000000d5800000,0x00000000d7b85d60,0x00000000dca80000)
  from space 44544K, 33% used [0x00000000e0000000,0x00000000e0e5c010,0x00000000e2b80000)
  to   space 49664K, 0% used [0x00000000dca80000,0x00000000dca80000,0x00000000dfb00000)
 ParOldGen       total 143872K, used 99571K [0x0000000080800000, 0x0000000089480000, 0x00000000d5800000)
  object space 143872K, 69% used [0x0000000080800000,0x000000008693cfa0,0x0000000089480000)
 Metaspace       used 25910K, capacity 29106K, committed 32560K, reserved 1077248K
  class space    used 3040K, capacity 4324K, committed 5680K, reserved 1048576K
GC Heap History (10 events):
Event: 7884.876 GC heap before
{Heap before GC invocations=49 (full 3):
 PSYoungGen      total 153600K, used 153312K [0x00000000d5800000, 0x00000000e5400000, 0x0000000100000000)
  eden space 142336K, 100% used [0x00000000d5800000,0x00000000de300000,0x00000000de300000)
  from space 11264K, 97% used [0x00000000de880000,0x00000000df338000,0x00000000df380000)
  to   space 57856K, 0% used [0x00000000e1b80000,0x00000000e1b80000,0x00000000e5400000)
 ParOldGen       total 143872K, used 98363K [0x0000000080800000, 0x0000000089480000, 0x00000000d5800000)
  object space 143872K, 68% used [0x0000000080800000,0x000000008680efa0,0x0000000089480000)
 Metaspace       used 25839K, capacity 29058K, committed 32560K, reserved 1077248K
  class space    used 3031K, capacity 4315K, committed 5680K, reserved 1048576K
Event: 7884.940 GC heap after
Heap after GC invocations=49 (full 3):
 PSYoungGen      total 184832K, used 20256K [0x00000000d5800000, 0x00000000e4a80000, 0x0000000100000000)
  eden space 136704K, 0% used [0x00000000d5800000,0x00000000d5800000,0x00000000ddd80000)
  from space 48128K, 42% used [0x00000000e1b80000,0x00000000e2f48000,0x00000000e4a80000)
  to   space 55808K, 0% used [0x00000000ddd80000,0x00000000ddd80000,0x00000000e1400000)
 ParOldGen       total 143872K, used 98531K [0x0000000080800000, 0x0000000089480000, 0x00000000d5800000)
  object space 143872K, 68% used [0x0000000080800000,0x0000000086838fa0,0x0000000089480000)
 Metaspace       used 25839K, capacity 29058K, committed 32560K, reserved 1077248K
  class space    used 3031K, capacity 4315K, committed 5680K, reserved 1048576K
}
Event: 7947.795 GC heap before
{Heap before GC invocations=50 (full 3):
 PSYoungGen      total 184832K, used 156960K [0x00000000d5800000, 0x00000000e4a80000, 0x0000000100000000)
  eden space 136704K, 100% used [0x00000000d5800000,0x00000000ddd80000,0x00000000ddd80000)
  from space 48128K, 42% used [0x00000000e1b80000,0x00000000e2f48000,0x00000000e4a80000)
  to   space 55808K, 0% used [0x00000000ddd80000,0x00000000ddd80000,0x00000000e1400000)
 ParOldGen       total 143872K, used 98531K [0x0000000080800000, 0x0000000089480000, 0x00000000d5800000)
  object space 143872K, 68% used [0x0000000080800000,0x0000000086838fa0,0x0000000089480000)
 Metaspace       used 25844K, capacity 29068K, committed 32560K, reserved 1077248K
  class space    used 3033K, capacity 4318K, committed 5680K, reserved 1048576K
Event: 7947.837 GC heap after
Heap after GC invocations=50 (full 3):
 PSYoungGen      total 146432K, used 14688K [0x00000000d5800000, 0x00000000e4480000, 0x0000000100000000)
  eden space 131584K, 0% used [0x00000000d5800000,0x00000000d5800000,0x00000000dd880000)
  from space 14848K, 98% used [0x00000000ddd80000,0x00000000debd8000,0x00000000dec00000)
  to   space 55296K, 0% used [0x00000000e0e80000,0x00000000e0e80000,0x00000000e4480000)
 ParOldGen       total 143872K, used 98707K [0x0000000080800000, 0x0000000089480000, 0x00000000d5800000)
  object space 143872K, 68% used [0x0000000080800000,0x0000000086864fa0,0x0000000089480000)
 Metaspace       used 25844K, capacity 29068K, committed 32560K, reserved 1077248K
  class space    used 3033K, capacity 4318K, committed 5680K, reserved 1048576K
}
Event: 8053.525 GC heap before
{Heap before GC invocations=51 (full 3):
 PSYoungGen      total 146432K, used 146272K [0x00000000d5800000, 0x00000000e4480000, 0x0000000100000000)
  eden space 131584K, 100% used [0x00000000d5800000,0x00000000dd880000,0x00000000dd880000)
  from space 14848K, 98% used [0x00000000ddd80000,0x00000000debd8000,0x00000000dec00000)
  to   space 55296K, 0% used [0x00000000e0e80000,0x00000000e0e80000,0x00000000e4480000)
 ParOldGen       total 143872K, used 98707K [0x0000000080800000, 0x0000000089480000, 0x00000000d5800000)
  object space 143872K, 68% used [0x0000000080800000,0x0000000086864fa0,0x0000000089480000)
 Metaspace       used 25856K, capacity 29076K, committed 32560K, reserved 1077248K
  class space    used 3033K, capacity 4318K, committed 5680K, reserved 1048576K
Event: 8053.573 GC heap after
Heap after GC invocations=51 (full 3):
 PSYoungGen      total 172544K, used 21920K [0x00000000d5800000, 0x00000000e3b80000, 0x0000000100000000)
  eden space 126464K, 0% used [0x00000000d5800000,0x00000000d5800000,0x00000000dd380000)
  from space 46080K, 47% used [0x00000000e0e80000,0x00000000e23e8000,0x00000000e3b80000)
  to   space 53248K, 0% used [0x00000000dd380000,0x00000000dd380000,0x00000000e0780000)
 ParOldGen       total 143872K, used 98875K [0x0000000080800000, 0x0000000089480000, 0x00000000d5800000)
  object space 143872K, 68% used [0x0000000080800000,0x000000008688efa0,0x0000000089480000)
 Metaspace       used 25856K, capacity 29076K, committed 32560K, reserved 1077248K
  class space    used 3033K, capacity 4318K, committed 5680K, reserved 1048576K
}
Event: 8179.669 GC heap before
{Heap before GC invocations=52 (full 3):
 PSYoungGen      total 172544K, used 148384K [0x00000000d5800000, 0x00000000e3b80000, 0x0000000100000000)
  eden space 126464K, 100% used [0x00000000d5800000,0x00000000dd380000,0x00000000dd380000)
  from space 46080K, 47% used [0x00000000e0e80000,0x00000000e23e8000,0x00000000e3b80000)
  to   space 53248K, 0% used [0x00000000dd380000,0x00000000dd380000,0x00000000e0780000)
 ParOldGen       total 143872K, used 98875K [0x0000000080800000, 0x0000000089480000, 0x00000000d5800000)
  object space 143872K, 68% used [0x0000000080800000,0x000000008688efa0,0x0000000089480000)
 Metaspace       used 25860K, capacity 29086K, committed 32560K, reserved 1077248K
  class space    used 3033K, capacity 4320K, committed 5680K, reserved 1048576K
Event: 8179.735 GC heap after
Heap after GC invocations=52 (full 3):
 PSYoungGen      total 147456K, used 25440K [0x00000000d5800000, 0x00000000e3100000, 0x0000000100000000)
  eden space 121856K, 0% used [0x00000000d5800000,0x00000000d5800000,0x00000000dcf00000)
  from space 25600K, 99% used [0x00000000dd380000,0x00000000dec58000,0x00000000dec80000)
  to   space 50176K, 0% used [0x00000000e0000000,0x00000000e0000000,0x00000000e3100000)
 ParOldGen       total 143872K, used 98899K [0x0000000080800000, 0x0000000089480000, 0x00000000d5800000)
  object space 143872K, 68% used [0x0000000080800000,0x0000000086894fa0,0x0000000089480000)
 Metaspace       used 25860K, capacity 29086K, committed 32560K, reserved 1077248K
  class space    used 3033K, capacity 4320K, committed 5680K, reserved 1048576K
}
Event: 8247.389 GC heap before
{Heap before GC invocations=53 (full 3):
 PSYoungGen      total 147456K, used 147296K [0x00000000d5800000, 0x00000000e3100000, 0x0000000100000000)
  eden space 121856K, 100% used [0x00000000d5800000,0x00000000dcf00000,0x00000000dcf00000)
  from space 25600K, 99% used [0x00000000dd380000,0x00000000dec58000,0x00000000dec80000)
  to   space 50176K, 0% used [0x00000000e0000000,0x00000000e0000000,0x00000000e3100000)
 ParOldGen       total 143872K, used 98899K [0x0000000080800000, 0x0000000089480000, 0x00000000d5800000)
  object space 143872K, 68% used [0x0000000080800000,0x0000000086894fa0,0x0000000089480000)
 Metaspace       used 25867K, capacity 29098K, committed 32560K, reserved 1077248K
  class space    used 3035K, capacity 4324K, committed 5680K, reserved 1048576K
Event: 8247.417 GC heap after
Heap after GC invocations=53 (full 3):
 PSYoungGen      total 161792K, used 14704K [0x00000000d5800000, 0x00000000e2b80000, 0x0000000100000000)
  eden space 117248K, 0% used [0x00000000d5800000,0x00000000d5800000,0x00000000dca80000)
  from space 44544K, 33% used [0x00000000e0000000,0x00000000e0e5c010,0x00000000e2b80000)
  to   space 49664K, 0% used [0x00000000dca80000,0x00000000dca80000,0x00000000dfb00000)
 ParOldGen       total 143872K, used 99571K [0x0000000080800000, 0x0000000089480000, 0x00000000d5800000)
  object space 143872K, 69% used [0x0000000080800000,0x000000008693cfa0,0x0000000089480000)
 Metaspace       used 25867K, capacity 29098K, committed 32560K, reserved 1077248K
  class space    used 3035K, capacity 4324K, committed 5680K, reserved 1048576K
}

